<?xml version="1.0" encoding="UTF-8"?>
<!-- Generated by org.testng.reporters.JUnitXMLReporter -->
<testsuite ignored="2" hostname="DESKTOP-0DR6D8M" failures="0" tests="1" name="Default test(failed)" time="0.077" errors="0" timestamp="2023-08-05T22:48:40 IST">
  <testcase classname="demo.TestNGRetryFailedDemo" name="test3" time="0.013"/>
  <testcase classname="demo.TestNGRetryFailedDemo" name="test2" time="0.0">
    <ignored/>
  </testcase> <!-- test2 -->
  <testcase classname="demo.TestNGRetryFailedDemo" name="test1" time="0.0">
    <ignored/>
  </testcase> <!-- test1 -->
</testsuite> <!-- Default test(failed) -->
